<?xml version="1.0" encoding="UTF-8"?>
<!-- Generated by org.testng.reporters.JUnitReportReporter -->
<testsuite hostname="MANIGUJJAR" failures="0" tests="1" name="AutoitPractice.Autoithandle" time="12.693" errors="0" timestamp="2020-12-22T16:11:59 PKT" skipped="0">
  <testcase classname="AutoitPractice.Autoithandle" name="checkautoit" time="12.693"/>
  <system-out/>
</testsuite> <!-- AutoitPractice.Autoithandle -->
