<?xml version="1.0" encoding="UTF-8"?>
<!-- Generated by org.testng.reporters.JUnitReportReporter -->
<testsuite hostname="MANIGUJJAR" failures="0" tests="3" name="RestAssuredProject.RestAssuredProject.App" time="4.489" errors="0" timestamp="2020-12-24T11:22:40 PKT" skipped="0">
  <testcase classname="RestAssuredProject.RestAssuredProject.App" name="Test_3" time="4.199"/>
  <system-out/>
  <testcase classname="RestAssuredProject.RestAssuredProject.App" name="test1" time="0.169"/>
  <system-out/>
  <testcase classname="RestAssuredProject.RestAssuredProject.App" name="test_2" time="0.121"/>
  <system-out/>
</testsuite> <!-- RestAssuredProject.RestAssuredProject.App -->
