<?xml version="1.0" encoding="UTF-8"?>
<!-- Generated by org.testng.reporters.JUnitReportReporter -->
<testsuite hostname="MANIGUJJAR" failures="0" tests="1" name="RestAssuredProject.RestAssuredProject.Test_Get" time="2.395" errors="0" timestamp="2020-12-30T14:33:22 PKT" skipped="0">
  <testcase classname="RestAssuredProject.RestAssuredProject.Test_Get" name="getuser" time="2.395"/>
  <system-out/>
</testsuite> <!-- RestAssuredProject.RestAssuredProject.Test_Get -->
