<?xml version="1.0" encoding="UTF-8"?>
<!-- Generated by org.testng.reporters.JUnitReportReporter -->
<testsuite hostname="MANIGUJJAR" failures="0" tests="1" name="RestAssuredProject.RestAssuredProject.Testapibuildin" time="0.020" errors="0" timestamp="2021-01-01T08:53:22 PKT" skipped="0">
  <testcase classname="RestAssuredProject.RestAssuredProject.Testapibuildin" name="Test_1_Postmap" time="0.020"/>
  <system-out/>
</testsuite> <!-- RestAssuredProject.RestAssuredProject.Testapibuildin -->
