<?xml version="1.0" encoding="UTF-8"?>
<!-- Generated by org.testng.reporters.JUnitReportReporter -->
<testsuite hostname="MANIGUJJAR" failures="0" tests="1" name="RestAssuredProject.RestAssuredProject.Test_Get_AllFunction" time="2.334" errors="0" timestamp="2020-12-30T16:39:11 PKT" skipped="0">
  <testcase classname="RestAssuredProject.RestAssuredProject.Test_Get_AllFunction" name="updatedetails" time="2.334"/>
  <system-out/>
</testsuite> <!-- RestAssuredProject.RestAssuredProject.Test_Get_AllFunction -->
