<?xml version="1.0" encoding="UTF-8"?>
<!-- Generated by org.testng.reporters.JUnitReportReporter -->
<testsuite hostname="MANIGUJJAR" failures="0" tests="1" name="RestAssuredProject.RestAssuredProject.GetClass" time="4.430" errors="0" timestamp="2020-12-30T15:09:02 PKT" skipped="0">
  <testcase classname="RestAssuredProject.RestAssuredProject.GetClass" name="Test1_get" time="4.430"/>
  <system-out/>
</testsuite> <!-- RestAssuredProject.RestAssuredProject.GetClass -->
