<?xml version="1.0" encoding="UTF-8"?>
<!-- Generated by org.testng.reporters.JUnitReportReporter -->
<testsuite hostname="MANIGUJJAR" failures="0" tests="2" name="TestCases.LoginTest" time="12.071" errors="0" timestamp="2021-01-08T16:45:04 PKT" skipped="0">
  <testcase classname="TestCases.LoginTest" name="login" time="8.000"/>
  <system-out/>
  <testcase classname="TestCases.LoginTest" name="login" time="4.071"/>
  <system-out/>
</testsuite> <!-- TestCases.LoginTest -->
