<?xml version="1.0" encoding="UTF-8"?>
<!-- Generated by org.testng.reporters.JUnitReportReporter -->
<testsuite hostname="MANIGUJJAR" failures="0" tests="2" name="GridTest.TestNg" time="73.347" errors="0" timestamp="2020-12-22T15:36:26 PKT" skipped="0">
  <testcase classname="GridTest.TestNg" name="setupforchrome" time="33.764"/>
  <system-out/>
  <testcase classname="GridTest.TestNg" name="setupforfire" time="39.583"/>
  <system-out/>
</testsuite> <!-- GridTest.TestNg -->
